                                      1 ;--------------------------------------------------------
                                      2 ; File Created by SDCC : free open source ANSI-C Compiler
                                      3 ; Version 3.5.0 #9253 (Apr  3 2018) (Linux)
                                      4 ; This file was generated Fri Apr 17 19:44:44 2020
                                      5 ;--------------------------------------------------------
                                      6 	.module main
                                      7 	.optsdcc -mmcs51 --model-small
                                      8 	
                                      9 ;--------------------------------------------------------
                                     10 ; Public variables in this module
                                     11 ;--------------------------------------------------------
                                     12 	.globl _main
                                     13 	.globl _loop
                                     14 	.globl _setup
                                     15 	.globl _ticker_init
                                     16 	.globl _pwm_init
                                     17 	.globl _MOSI
                                     18 	.globl _P00
                                     19 	.globl _MISO
                                     20 	.globl _P01
                                     21 	.globl _RXD_1
                                     22 	.globl _P02
                                     23 	.globl _P03
                                     24 	.globl _STADC
                                     25 	.globl _P04
                                     26 	.globl _P05
                                     27 	.globl _TXD
                                     28 	.globl _P06
                                     29 	.globl _RXD
                                     30 	.globl _P07
                                     31 	.globl _IT0
                                     32 	.globl _IE0
                                     33 	.globl _IT1
                                     34 	.globl _IE1
                                     35 	.globl _TR0
                                     36 	.globl _TF0
                                     37 	.globl _TR1
                                     38 	.globl _TF1
                                     39 	.globl _P10
                                     40 	.globl _P11
                                     41 	.globl _P12
                                     42 	.globl _SCL
                                     43 	.globl _P13
                                     44 	.globl _SDA
                                     45 	.globl _P14
                                     46 	.globl _P15
                                     47 	.globl _TXD_1
                                     48 	.globl _P16
                                     49 	.globl _P17
                                     50 	.globl _RI
                                     51 	.globl _TI
                                     52 	.globl _RB8
                                     53 	.globl _TB8
                                     54 	.globl _REN
                                     55 	.globl _SM2
                                     56 	.globl _SM1
                                     57 	.globl _FE
                                     58 	.globl _SM0
                                     59 	.globl _P20
                                     60 	.globl _EX0
                                     61 	.globl _ET0
                                     62 	.globl _EX1
                                     63 	.globl _ET1
                                     64 	.globl _ES
                                     65 	.globl _EBOD
                                     66 	.globl _EADC
                                     67 	.globl _EA
                                     68 	.globl _P30
                                     69 	.globl _PX0
                                     70 	.globl _PT0
                                     71 	.globl _PX1
                                     72 	.globl _PT1
                                     73 	.globl _PS
                                     74 	.globl _PBOD
                                     75 	.globl _PADC
                                     76 	.globl _I2CPX
                                     77 	.globl _AA
                                     78 	.globl _SI
                                     79 	.globl _STO
                                     80 	.globl _STA
                                     81 	.globl _I2CEN
                                     82 	.globl _CM_RL2
                                     83 	.globl _TR2
                                     84 	.globl _TF2
                                     85 	.globl _P
                                     86 	.globl _OV
                                     87 	.globl _RS0
                                     88 	.globl _RS1
                                     89 	.globl _F0
                                     90 	.globl _AC
                                     91 	.globl _CY
                                     92 	.globl _CLRPWM
                                     93 	.globl _PWMF
                                     94 	.globl _LOAD
                                     95 	.globl _PWMRUN
                                     96 	.globl _ADCHS0
                                     97 	.globl _ADCHS1
                                     98 	.globl _ADCHS2
                                     99 	.globl _ADCHS3
                                    100 	.globl _ETGSEL0
                                    101 	.globl _ETGSEL1
                                    102 	.globl _ADCS
                                    103 	.globl _ADCF
                                    104 	.globl _RI_1
                                    105 	.globl _TI_1
                                    106 	.globl _RB8_1
                                    107 	.globl _TB8_1
                                    108 	.globl _REN_1
                                    109 	.globl _SM2_1
                                    110 	.globl _SM1_1
                                    111 	.globl _FE_1
                                    112 	.globl _SM0_1
                                    113 	.globl _EIPH1
                                    114 	.globl _EIP1
                                    115 	.globl _PMD
                                    116 	.globl _PMEN
                                    117 	.globl _PDTCNT
                                    118 	.globl _PDTEN
                                    119 	.globl _SCON_1
                                    120 	.globl _EIPH
                                    121 	.globl _AINDIDS
                                    122 	.globl _SPDR
                                    123 	.globl _SPSR
                                    124 	.globl _SPCR2
                                    125 	.globl _SPCR
                                    126 	.globl _CAPCON4
                                    127 	.globl _CAPCON3
                                    128 	.globl _B
                                    129 	.globl _EIP
                                    130 	.globl _C2H
                                    131 	.globl _C2L
                                    132 	.globl _PIF
                                    133 	.globl _PIPEN
                                    134 	.globl _PINEN
                                    135 	.globl _PICON
                                    136 	.globl _ADCCON0
                                    137 	.globl _C1H
                                    138 	.globl _C1L
                                    139 	.globl _C0H
                                    140 	.globl _C0L
                                    141 	.globl _ADCDLY
                                    142 	.globl _ADCCON2
                                    143 	.globl _ADCCON1
                                    144 	.globl _ACC
                                    145 	.globl _PWMCON1
                                    146 	.globl _PIOCON0
                                    147 	.globl _PWM3L
                                    148 	.globl _PWM2L
                                    149 	.globl _PWM1L
                                    150 	.globl _PWM0L
                                    151 	.globl _PWMPL
                                    152 	.globl _PWMCON0
                                    153 	.globl _FBD
                                    154 	.globl _PNP
                                    155 	.globl _PWM3H
                                    156 	.globl _PWM2H
                                    157 	.globl _PWM1H
                                    158 	.globl _PWM0H
                                    159 	.globl _PWMPH
                                    160 	.globl _PSW
                                    161 	.globl _ADCMPH
                                    162 	.globl _ADCMPL
                                    163 	.globl _PWM5L
                                    164 	.globl _TH2
                                    165 	.globl _PWM4L
                                    166 	.globl _TL2
                                    167 	.globl _RCMP2H
                                    168 	.globl _RCMP2L
                                    169 	.globl _T2MOD
                                    170 	.globl _T2CON
                                    171 	.globl _TA
                                    172 	.globl _PIOCON1
                                    173 	.globl _RH3
                                    174 	.globl _PWM5H
                                    175 	.globl _RL3
                                    176 	.globl _PWM4H
                                    177 	.globl _T3CON
                                    178 	.globl _ADCRH
                                    179 	.globl _ADCRL
                                    180 	.globl _I2ADDR
                                    181 	.globl _I2CON
                                    182 	.globl _I2TOC
                                    183 	.globl _I2CLK
                                    184 	.globl _I2STAT
                                    185 	.globl _I2DAT
                                    186 	.globl _SADDR_1
                                    187 	.globl _SADEN_1
                                    188 	.globl _SADEN
                                    189 	.globl _IP
                                    190 	.globl _PWMINTC
                                    191 	.globl _IPH
                                    192 	.globl _P2S
                                    193 	.globl _P1SR
                                    194 	.globl _P1M2
                                    195 	.globl _P1S
                                    196 	.globl _P1M1
                                    197 	.globl _P0SR
                                    198 	.globl _P0M2
                                    199 	.globl _P0S
                                    200 	.globl _P0M1
                                    201 	.globl _P3
                                    202 	.globl _IAPCN
                                    203 	.globl _IAPFD
                                    204 	.globl _P3SR
                                    205 	.globl _P3M2
                                    206 	.globl _P3S
                                    207 	.globl _P3M1
                                    208 	.globl _BODCON1
                                    209 	.globl _WDCON
                                    210 	.globl _SADDR
                                    211 	.globl _IE
                                    212 	.globl _IAPAH
                                    213 	.globl _IAPAL
                                    214 	.globl _IAPUEN
                                    215 	.globl _IAPTRG
                                    216 	.globl _BODCON0
                                    217 	.globl _AUXR1
                                    218 	.globl _P2
                                    219 	.globl _CHPCON
                                    220 	.globl _EIE1
                                    221 	.globl _EIE
                                    222 	.globl _SBUF_1
                                    223 	.globl _SBUF
                                    224 	.globl _SCON
                                    225 	.globl _CKEN
                                    226 	.globl _CKSWT
                                    227 	.globl _CKDIV
                                    228 	.globl _CAPCON2
                                    229 	.globl _CAPCON1
                                    230 	.globl _CAPCON0
                                    231 	.globl _SFRS
                                    232 	.globl _P1
                                    233 	.globl _WKCON
                                    234 	.globl _CKCON
                                    235 	.globl _TH1
                                    236 	.globl _TH0
                                    237 	.globl _TL1
                                    238 	.globl _TL0
                                    239 	.globl _TMOD
                                    240 	.globl _TCON
                                    241 	.globl _PCON
                                    242 	.globl _RWK
                                    243 	.globl _RCTRIM1
                                    244 	.globl _RCTRIM0
                                    245 	.globl _DPH
                                    246 	.globl _DPL
                                    247 	.globl _SP
                                    248 	.globl _P0
                                    249 	.globl _BIT_TMP
                                    250 ;--------------------------------------------------------
                                    251 ; special function registers
                                    252 ;--------------------------------------------------------
                                    253 	.area RSEG    (ABS,DATA)
      000000                        254 	.org 0x0000
                           000080   255 _P0	=	0x0080
                           000081   256 _SP	=	0x0081
                           000082   257 _DPL	=	0x0082
                           000083   258 _DPH	=	0x0083
                           000084   259 _RCTRIM0	=	0x0084
                           000085   260 _RCTRIM1	=	0x0085
                           000086   261 _RWK	=	0x0086
                           000087   262 _PCON	=	0x0087
                           000088   263 _TCON	=	0x0088
                           000089   264 _TMOD	=	0x0089
                           00008A   265 _TL0	=	0x008a
                           00008B   266 _TL1	=	0x008b
                           00008C   267 _TH0	=	0x008c
                           00008D   268 _TH1	=	0x008d
                           00008E   269 _CKCON	=	0x008e
                           00008F   270 _WKCON	=	0x008f
                           000090   271 _P1	=	0x0090
                           000091   272 _SFRS	=	0x0091
                           000092   273 _CAPCON0	=	0x0092
                           000093   274 _CAPCON1	=	0x0093
                           000094   275 _CAPCON2	=	0x0094
                           000095   276 _CKDIV	=	0x0095
                           000096   277 _CKSWT	=	0x0096
                           000097   278 _CKEN	=	0x0097
                           000098   279 _SCON	=	0x0098
                           000099   280 _SBUF	=	0x0099
                           00009A   281 _SBUF_1	=	0x009a
                           00009B   282 _EIE	=	0x009b
                           00009C   283 _EIE1	=	0x009c
                           00009F   284 _CHPCON	=	0x009f
                           0000A0   285 _P2	=	0x00a0
                           0000A2   286 _AUXR1	=	0x00a2
                           0000A3   287 _BODCON0	=	0x00a3
                           0000A4   288 _IAPTRG	=	0x00a4
                           0000A5   289 _IAPUEN	=	0x00a5
                           0000A6   290 _IAPAL	=	0x00a6
                           0000A7   291 _IAPAH	=	0x00a7
                           0000A8   292 _IE	=	0x00a8
                           0000A9   293 _SADDR	=	0x00a9
                           0000AA   294 _WDCON	=	0x00aa
                           0000AB   295 _BODCON1	=	0x00ab
                           0000AC   296 _P3M1	=	0x00ac
                           0000AC   297 _P3S	=	0x00ac
                           0000AD   298 _P3M2	=	0x00ad
                           0000AD   299 _P3SR	=	0x00ad
                           0000AE   300 _IAPFD	=	0x00ae
                           0000AF   301 _IAPCN	=	0x00af
                           0000B0   302 _P3	=	0x00b0
                           0000B1   303 _P0M1	=	0x00b1
                           0000B1   304 _P0S	=	0x00b1
                           0000B2   305 _P0M2	=	0x00b2
                           0000B2   306 _P0SR	=	0x00b2
                           0000B3   307 _P1M1	=	0x00b3
                           0000B3   308 _P1S	=	0x00b3
                           0000B4   309 _P1M2	=	0x00b4
                           0000B4   310 _P1SR	=	0x00b4
                           0000B5   311 _P2S	=	0x00b5
                           0000B7   312 _IPH	=	0x00b7
                           0000B7   313 _PWMINTC	=	0x00b7
                           0000B8   314 _IP	=	0x00b8
                           0000B9   315 _SADEN	=	0x00b9
                           0000BA   316 _SADEN_1	=	0x00ba
                           0000BB   317 _SADDR_1	=	0x00bb
                           0000BC   318 _I2DAT	=	0x00bc
                           0000BD   319 _I2STAT	=	0x00bd
                           0000BE   320 _I2CLK	=	0x00be
                           0000BF   321 _I2TOC	=	0x00bf
                           0000C0   322 _I2CON	=	0x00c0
                           0000C1   323 _I2ADDR	=	0x00c1
                           0000C2   324 _ADCRL	=	0x00c2
                           0000C3   325 _ADCRH	=	0x00c3
                           0000C4   326 _T3CON	=	0x00c4
                           0000C4   327 _PWM4H	=	0x00c4
                           0000C5   328 _RL3	=	0x00c5
                           0000C5   329 _PWM5H	=	0x00c5
                           0000C6   330 _RH3	=	0x00c6
                           0000C6   331 _PIOCON1	=	0x00c6
                           0000C7   332 _TA	=	0x00c7
                           0000C8   333 _T2CON	=	0x00c8
                           0000C9   334 _T2MOD	=	0x00c9
                           0000CA   335 _RCMP2L	=	0x00ca
                           0000CB   336 _RCMP2H	=	0x00cb
                           0000CC   337 _TL2	=	0x00cc
                           0000CC   338 _PWM4L	=	0x00cc
                           0000CD   339 _TH2	=	0x00cd
                           0000CD   340 _PWM5L	=	0x00cd
                           0000CE   341 _ADCMPL	=	0x00ce
                           0000CF   342 _ADCMPH	=	0x00cf
                           0000D0   343 _PSW	=	0x00d0
                           0000D1   344 _PWMPH	=	0x00d1
                           0000D2   345 _PWM0H	=	0x00d2
                           0000D3   346 _PWM1H	=	0x00d3
                           0000D4   347 _PWM2H	=	0x00d4
                           0000D5   348 _PWM3H	=	0x00d5
                           0000D6   349 _PNP	=	0x00d6
                           0000D7   350 _FBD	=	0x00d7
                           0000D8   351 _PWMCON0	=	0x00d8
                           0000D9   352 _PWMPL	=	0x00d9
                           0000DA   353 _PWM0L	=	0x00da
                           0000DB   354 _PWM1L	=	0x00db
                           0000DC   355 _PWM2L	=	0x00dc
                           0000DD   356 _PWM3L	=	0x00dd
                           0000DE   357 _PIOCON0	=	0x00de
                           0000DF   358 _PWMCON1	=	0x00df
                           0000E0   359 _ACC	=	0x00e0
                           0000E1   360 _ADCCON1	=	0x00e1
                           0000E2   361 _ADCCON2	=	0x00e2
                           0000E3   362 _ADCDLY	=	0x00e3
                           0000E4   363 _C0L	=	0x00e4
                           0000E5   364 _C0H	=	0x00e5
                           0000E6   365 _C1L	=	0x00e6
                           0000E7   366 _C1H	=	0x00e7
                           0000E8   367 _ADCCON0	=	0x00e8
                           0000E9   368 _PICON	=	0x00e9
                           0000EA   369 _PINEN	=	0x00ea
                           0000EB   370 _PIPEN	=	0x00eb
                           0000EC   371 _PIF	=	0x00ec
                           0000ED   372 _C2L	=	0x00ed
                           0000EE   373 _C2H	=	0x00ee
                           0000EF   374 _EIP	=	0x00ef
                           0000F0   375 _B	=	0x00f0
                           0000F1   376 _CAPCON3	=	0x00f1
                           0000F2   377 _CAPCON4	=	0x00f2
                           0000F3   378 _SPCR	=	0x00f3
                           0000F3   379 _SPCR2	=	0x00f3
                           0000F4   380 _SPSR	=	0x00f4
                           0000F5   381 _SPDR	=	0x00f5
                           0000F6   382 _AINDIDS	=	0x00f6
                           0000F7   383 _EIPH	=	0x00f7
                           0000F8   384 _SCON_1	=	0x00f8
                           0000F9   385 _PDTEN	=	0x00f9
                           0000FA   386 _PDTCNT	=	0x00fa
                           0000FB   387 _PMEN	=	0x00fb
                           0000FC   388 _PMD	=	0x00fc
                           0000FE   389 _EIP1	=	0x00fe
                           0000FF   390 _EIPH1	=	0x00ff
                                    391 ;--------------------------------------------------------
                                    392 ; special function bits
                                    393 ;--------------------------------------------------------
                                    394 	.area RSEG    (ABS,DATA)
      000000                        395 	.org 0x0000
                           0000FF   396 _SM0_1	=	0x00ff
                           0000FF   397 _FE_1	=	0x00ff
                           0000FE   398 _SM1_1	=	0x00fe
                           0000FD   399 _SM2_1	=	0x00fd
                           0000FC   400 _REN_1	=	0x00fc
                           0000FB   401 _TB8_1	=	0x00fb
                           0000FA   402 _RB8_1	=	0x00fa
                           0000F9   403 _TI_1	=	0x00f9
                           0000F8   404 _RI_1	=	0x00f8
                           0000EF   405 _ADCF	=	0x00ef
                           0000EE   406 _ADCS	=	0x00ee
                           0000ED   407 _ETGSEL1	=	0x00ed
                           0000EC   408 _ETGSEL0	=	0x00ec
                           0000EB   409 _ADCHS3	=	0x00eb
                           0000EA   410 _ADCHS2	=	0x00ea
                           0000E9   411 _ADCHS1	=	0x00e9
                           0000E8   412 _ADCHS0	=	0x00e8
                           0000DF   413 _PWMRUN	=	0x00df
                           0000DE   414 _LOAD	=	0x00de
                           0000DD   415 _PWMF	=	0x00dd
                           0000DC   416 _CLRPWM	=	0x00dc
                           0000D7   417 _CY	=	0x00d7
                           0000D6   418 _AC	=	0x00d6
                           0000D5   419 _F0	=	0x00d5
                           0000D4   420 _RS1	=	0x00d4
                           0000D3   421 _RS0	=	0x00d3
                           0000D2   422 _OV	=	0x00d2
                           0000D0   423 _P	=	0x00d0
                           0000CF   424 _TF2	=	0x00cf
                           0000CA   425 _TR2	=	0x00ca
                           0000C8   426 _CM_RL2	=	0x00c8
                           0000C6   427 _I2CEN	=	0x00c6
                           0000C5   428 _STA	=	0x00c5
                           0000C4   429 _STO	=	0x00c4
                           0000C3   430 _SI	=	0x00c3
                           0000C2   431 _AA	=	0x00c2
                           0000C0   432 _I2CPX	=	0x00c0
                           0000BE   433 _PADC	=	0x00be
                           0000BD   434 _PBOD	=	0x00bd
                           0000BC   435 _PS	=	0x00bc
                           0000BB   436 _PT1	=	0x00bb
                           0000BA   437 _PX1	=	0x00ba
                           0000B9   438 _PT0	=	0x00b9
                           0000B8   439 _PX0	=	0x00b8
                           0000B0   440 _P30	=	0x00b0
                           0000AF   441 _EA	=	0x00af
                           0000AE   442 _EADC	=	0x00ae
                           0000AD   443 _EBOD	=	0x00ad
                           0000AC   444 _ES	=	0x00ac
                           0000AB   445 _ET1	=	0x00ab
                           0000AA   446 _EX1	=	0x00aa
                           0000A9   447 _ET0	=	0x00a9
                           0000A8   448 _EX0	=	0x00a8
                           0000A0   449 _P20	=	0x00a0
                           00009F   450 _SM0	=	0x009f
                           00009F   451 _FE	=	0x009f
                           00009E   452 _SM1	=	0x009e
                           00009D   453 _SM2	=	0x009d
                           00009C   454 _REN	=	0x009c
                           00009B   455 _TB8	=	0x009b
                           00009A   456 _RB8	=	0x009a
                           000099   457 _TI	=	0x0099
                           000098   458 _RI	=	0x0098
                           000097   459 _P17	=	0x0097
                           000096   460 _P16	=	0x0096
                           000096   461 _TXD_1	=	0x0096
                           000095   462 _P15	=	0x0095
                           000094   463 _P14	=	0x0094
                           000094   464 _SDA	=	0x0094
                           000093   465 _P13	=	0x0093
                           000093   466 _SCL	=	0x0093
                           000092   467 _P12	=	0x0092
                           000091   468 _P11	=	0x0091
                           000090   469 _P10	=	0x0090
                           00008F   470 _TF1	=	0x008f
                           00008E   471 _TR1	=	0x008e
                           00008D   472 _TF0	=	0x008d
                           00008C   473 _TR0	=	0x008c
                           00008B   474 _IE1	=	0x008b
                           00008A   475 _IT1	=	0x008a
                           000089   476 _IE0	=	0x0089
                           000088   477 _IT0	=	0x0088
                           000087   478 _P07	=	0x0087
                           000087   479 _RXD	=	0x0087
                           000086   480 _P06	=	0x0086
                           000086   481 _TXD	=	0x0086
                           000085   482 _P05	=	0x0085
                           000084   483 _P04	=	0x0084
                           000084   484 _STADC	=	0x0084
                           000083   485 _P03	=	0x0083
                           000082   486 _P02	=	0x0082
                           000082   487 _RXD_1	=	0x0082
                           000081   488 _P01	=	0x0081
                           000081   489 _MISO	=	0x0081
                           000080   490 _P00	=	0x0080
                           000080   491 _MOSI	=	0x0080
                                    492 ;--------------------------------------------------------
                                    493 ; overlayable register banks
                                    494 ;--------------------------------------------------------
                                    495 	.area REG_BANK_0	(REL,OVR,DATA)
      000000                        496 	.ds 8
                                    497 ;--------------------------------------------------------
                                    498 ; internal ram data
                                    499 ;--------------------------------------------------------
                                    500 	.area DSEG    (DATA)
      000000                        501 _BIT_TMP::
      000000                        502 	.ds 1
                                    503 ;--------------------------------------------------------
                                    504 ; overlayable items in internal ram 
                                    505 ;--------------------------------------------------------
                                    506 ;--------------------------------------------------------
                                    507 ; Stack segment in internal ram 
                                    508 ;--------------------------------------------------------
                                    509 	.area	SSEG
      000000                        510 __start__stack:
      000000                        511 	.ds	1
                                    512 
                                    513 ;--------------------------------------------------------
                                    514 ; indirectly addressable internal ram data
                                    515 ;--------------------------------------------------------
                                    516 	.area ISEG    (DATA)
                                    517 ;--------------------------------------------------------
                                    518 ; absolute internal ram data
                                    519 ;--------------------------------------------------------
                                    520 	.area IABS    (ABS,DATA)
                                    521 	.area IABS    (ABS,DATA)
                                    522 ;--------------------------------------------------------
                                    523 ; bit data
                                    524 ;--------------------------------------------------------
                                    525 	.area BSEG    (BIT)
                                    526 ;--------------------------------------------------------
                                    527 ; paged external ram data
                                    528 ;--------------------------------------------------------
                                    529 	.area PSEG    (PAG,XDATA)
                                    530 ;--------------------------------------------------------
                                    531 ; external ram data
                                    532 ;--------------------------------------------------------
                                    533 	.area XSEG    (XDATA)
                                    534 ;--------------------------------------------------------
                                    535 ; absolute external ram data
                                    536 ;--------------------------------------------------------
                                    537 	.area XABS    (ABS,XDATA)
                                    538 ;--------------------------------------------------------
                                    539 ; external initialized ram data
                                    540 ;--------------------------------------------------------
                                    541 	.area XISEG   (XDATA)
                                    542 	.area HOME    (CODE)
                                    543 	.area GSINIT0 (CODE)
                                    544 	.area GSINIT1 (CODE)
                                    545 	.area GSINIT2 (CODE)
                                    546 	.area GSINIT3 (CODE)
                                    547 	.area GSINIT4 (CODE)
                                    548 	.area GSINIT5 (CODE)
                                    549 	.area GSINIT  (CODE)
                                    550 	.area GSFINAL (CODE)
                                    551 	.area CSEG    (CODE)
                                    552 ;--------------------------------------------------------
                                    553 ; interrupt vector 
                                    554 ;--------------------------------------------------------
                                    555 	.area HOME    (CODE)
      000000                        556 __interrupt_vect:
      000000 02r00r00         [24]  557 	ljmp	__sdcc_gsinit_startup
      000003 32               [24]  558 	reti
      000004                        559 	.ds	7
      00000B 02r00r00         [24]  560 	ljmp	_Timer0_ISR
      00000E                        561 	.ds	5
      000013 32               [24]  562 	reti
      000014                        563 	.ds	7
      00001B 32               [24]  564 	reti
      00001C                        565 	.ds	7
      000023 02r00r00         [24]  566 	ljmp	_SerialPort0_ISR
                                    567 ;--------------------------------------------------------
                                    568 ; global & static initialisations
                                    569 ;--------------------------------------------------------
                                    570 	.area HOME    (CODE)
                                    571 	.area GSINIT  (CODE)
                                    572 	.area GSFINAL (CODE)
                                    573 	.area GSINIT  (CODE)
                                    574 	.globl __sdcc_gsinit_startup
                                    575 	.globl __sdcc_program_startup
                                    576 	.globl __start__stack
                                    577 	.globl __mcs51_genXINIT
                                    578 	.globl __mcs51_genXRAMCLEAR
                                    579 	.globl __mcs51_genRAMCLEAR
                                    580 	.area GSFINAL (CODE)
      000000 02r00r26         [24]  581 	ljmp	__sdcc_program_startup
                                    582 ;--------------------------------------------------------
                                    583 ; Home
                                    584 ;--------------------------------------------------------
                                    585 	.area HOME    (CODE)
                                    586 	.area HOME    (CODE)
      000026                        587 __sdcc_program_startup:
      000026 02r00r00         [24]  588 	ljmp	_main
                                    589 ;	return from main will return to caller
                                    590 ;--------------------------------------------------------
                                    591 ; code
                                    592 ;--------------------------------------------------------
                                    593 	.area CSEG    (CODE)
                                    594 ;------------------------------------------------------------
                                    595 ;Allocation info for local variables in function 'main'
                                    596 ;------------------------------------------------------------
                                    597 ;	lib/main.c:8: void main() {
                                    598 ;	-----------------------------------------
                                    599 ;	 function main
                                    600 ;	-----------------------------------------
      000000                        601 _main:
                           000007   602 	ar7 = 0x07
                           000006   603 	ar6 = 0x06
                           000005   604 	ar5 = 0x05
                           000004   605 	ar4 = 0x04
                           000003   606 	ar3 = 0x03
                           000002   607 	ar2 = 0x02
                           000001   608 	ar1 = 0x01
                           000000   609 	ar0 = 0x00
                                    610 ;	lib/main.c:9: ticker_init();
      000000 12r00r00         [24]  611 	lcall	_ticker_init
                                    612 ;	lib/main.c:10: pwm_init();
      000003 12r00r00         [24]  613 	lcall	_pwm_init
                                    614 ;	lib/main.c:11: setup();
      000006 12r00r00         [24]  615 	lcall	_setup
                                    616 ;	lib/main.c:12: while (1) {
      000009                        617 00102$:
                                    618 ;	lib/main.c:13: loop();
      000009 12r00r00         [24]  619 	lcall	_loop
      00000C 80 FB            [24]  620 	sjmp	00102$
                                    621 	.area CSEG    (CODE)
                                    622 	.area CONST   (CODE)
                                    623 	.area XINIT   (CODE)
                                    624 	.area CABS    (ABS,CODE)
